[ INFO] 2016-12-20 16:00:46 [Console.java:33] please input port name: 
[ INFO] 2016-12-20 16:00:57 [Console.java:35] please input ip: 
[DEBUG] 2016-12-20 16:00:59 [AdhocNodeFactory.java:33] load config file of port mapping successfully 
[DEBUG] 2016-12-20 16:00:59 [Serial.java:133] 【/dev/ttyUSB0】 serial port was opened successfully. 
[DEBUG] 2016-12-20 16:00:59 [Serial.java:155] init parameters of serial port(baud rate,data bit,stop bit,parity)... 
[DEBUG] 2016-12-20 16:00:59 [Serial.java:160] init parameters of serial port successfully 
[DEBUG] 2016-12-20 16:00:59 [AdhocNode.java:101] 【1】listens status about serial... 
[DEBUG] 2016-12-20 16:00:59 [SerialReadThread.java:30] init input stream success！！ 
[DEBUG] 2016-12-20 16:00:59 [SerialReadThread.java:31] register listener to serial port... 
[DEBUG] 2016-12-20 16:00:59 [SerialReadThread.java:43] init reader thread done！ 
[DEBUG] 2016-12-20 16:00:59 [AdhocNode.java:104] 【1】started reader thread,waiting for data... 
[DEBUG] 2016-12-20 16:00:59 [AdhocNode.java:105] 【1】init done！ 
[DEBUG] 2016-12-20 16:00:59 [AdhocNode.java:106] *************************************
 
[ INFO] 2016-12-20 16:00:59 [Console.java:51] select:
1.send RREQ;
2.query route table;
3.send text message;
0.quit 
[ INFO] 2016-12-20 16:01:10 [Console.java:51] select:
1.send RREQ;
2.query route table;
3.send text message;
0.quit 
[ INFO] 2016-12-20 16:07:58 [Console.java:33] please input port name: 
[ INFO] 2016-12-20 16:08:06 [Console.java:35] please input ip: 
[DEBUG] 2016-12-20 16:08:08 [AdhocNodeFactory.java:33] load config file of port mapping successfully 
[DEBUG] 2016-12-20 16:08:08 [Serial.java:133] 【/dev/ttyUSB0】 serial port was opened successfully. 
[DEBUG] 2016-12-20 16:08:08 [Serial.java:155] init parameters of serial port(baud rate,data bit,stop bit,parity)... 
[DEBUG] 2016-12-20 16:08:08 [Serial.java:160] init parameters of serial port successfully 
[DEBUG] 2016-12-20 16:08:08 [AdhocNode.java:101] 【0】listens status about serial... 
[DEBUG] 2016-12-20 16:08:08 [SerialReadThread.java:30] init input stream success！！ 
[DEBUG] 2016-12-20 16:08:08 [SerialReadThread.java:31] register listener to serial port... 
[DEBUG] 2016-12-20 16:08:08 [SerialReadThread.java:43] init reader thread done！ 
[DEBUG] 2016-12-20 16:08:08 [AdhocNode.java:104] 【0】started reader thread,waiting for data... 
[DEBUG] 2016-12-20 16:08:08 [AdhocNode.java:105] 【0】init done！ 
[DEBUG] 2016-12-20 16:08:08 [AdhocNode.java:106] *************************************
 
[ INFO] 2016-12-20 16:08:08 [Console.java:51] select:
1.send RREQ;
2.query route table;
3.send text message;
0.quit 
[ INFO] 2016-12-20 16:10:11 [Console.java:73] please input destination node IP: 
[ INFO] 2016-12-20 16:10:14 [AdhocNode.java:119] 【0】sending RREQ to 【1】... 
[DEBUG] 2016-12-20 16:10:14 [AdhocNode.java:133] 【0】has no routing about 【1】,sent RREQ firstly... 
[DEBUG] 2016-12-20 16:10:14 [AdhocNode.java:136] 【0】sent RREQ to 【1】successfully and waiting for RREP... 
[DEBUG] 2016-12-20 16:10:14 [AdhocNode.java:143] 【0】waiting RREP from 【1】 
[DEBUG] 2016-12-20 16:10:15 [AdhocNode.java:143] 【0】waiting RREP from 【1】 
[DEBUG] 2016-12-20 16:10:16 [AdhocNode.java:143] 【0】waiting RREP from 【1】 
[DEBUG] 2016-12-20 16:10:17 [AdhocNode.java:143] 【0】waiting RREP from 【1】 
[DEBUG] 2016-12-20 16:10:18 [AdhocNode.java:143] 【0】waiting RREP from 【1】 
[ WARN] 2016-12-20 16:10:19 [AdhocNode.java:148] 【0】 searched for 【1】failed！ 
[ INFO] 2016-12-20 16:10:19 [Console.java:51] select:
1.send RREQ;
2.query route table;
3.send text message;
0.quit 
[ INFO] 2016-12-20 16:11:02 [Console.java:73] please input destination node IP: 
[ INFO] 2016-12-20 16:11:05 [AdhocNode.java:119] 【0】sending RREQ to 【1】... 
[DEBUG] 2016-12-20 16:11:05 [AdhocNode.java:133] 【0】has no routing about 【1】,sent RREQ firstly... 
[DEBUG] 2016-12-20 16:11:05 [AdhocNode.java:136] 【0】sent RREQ to 【1】successfully and waiting for RREP... 
[DEBUG] 2016-12-20 16:11:05 [AdhocNode.java:143] 【0】waiting RREP from 【1】 
[DEBUG] 2016-12-20 16:11:06 [AdhocNode.java:143] 【0】waiting RREP from 【1】 
[DEBUG] 2016-12-20 16:11:07 [AdhocNode.java:143] 【0】waiting RREP from 【1】 
[DEBUG] 2016-12-20 16:11:08 [AdhocNode.java:143] 【0】waiting RREP from 【1】 
[DEBUG] 2016-12-20 16:11:09 [AdhocNode.java:143] 【0】waiting RREP from 【1】 
[ WARN] 2016-12-20 16:11:10 [AdhocNode.java:148] 【0】 searched for 【1】failed！ 
[ INFO] 2016-12-20 16:11:10 [Console.java:51] select:
1.send RREQ;
2.query route table;
3.send text message;
0.quit 
[ INFO] 2016-12-20 16:41:13 [Console.java:33] please input port name: 
[ INFO] 2016-12-20 16:41:17 [Console.java:35] please input ip: 
[DEBUG] 2016-12-20 16:41:19 [AdhocNodeFactory.java:33] load config file of port mapping successfully 
[DEBUG] 2016-12-20 16:41:21 [Serial.java:133] 【/dev/ttyUSB0】 serial port was opened successfully. 
[DEBUG] 2016-12-20 16:41:21 [Serial.java:155] init parameters of serial port(baud rate,data bit,stop bit,parity)... 
[DEBUG] 2016-12-20 16:41:21 [Serial.java:160] init parameters of serial port successfully 
[DEBUG] 2016-12-20 16:41:21 [AdhocNode.java:101] 【88】listens status about serial... 
[DEBUG] 2016-12-20 16:41:21 [SerialReadThread.java:30] init input stream success！！ 
[DEBUG] 2016-12-20 16:41:21 [SerialReadThread.java:31] register listener to serial port... 
[DEBUG] 2016-12-20 16:41:21 [SerialReadThread.java:43] init reader thread done！ 
[DEBUG] 2016-12-20 16:41:21 [AdhocNode.java:104] 【88】started reader thread,waiting for data... 
[DEBUG] 2016-12-20 16:41:21 [AdhocNode.java:105] 【88】init done！ 
[DEBUG] 2016-12-20 16:41:21 [AdhocNode.java:106] *************************************
 
[ INFO] 2016-12-20 16:41:21 [Console.java:51] select:
1.send RREQ;
2.query route table;
3.send text message;
0.quit 
[DEBUG] 2016-12-20 16:41:30 [AdhocNode.java:174] 【88】 received RREQ about 【3】sent to 【88】,processing... 
[DEBUG] 2016-12-20 16:41:30 [AdhocNode.java:187] add new route entry RouteEntry{destinationIP=3, seqNum=3, state=VALID, hopCount=1, nextHopIP=3, lifeTime=0, systemInfo=processor【2】,memory【4266】,os name【Windows 7】,os arch【x86】} 
[DEBUG] 2016-12-20 16:41:30 [AdhocNode.java:194] 【88】received RREQ from 【3】successfully and its system info【processor【2】,memory【4266】,os name【Windows 7】,os arch【x86】】 
[DEBUG] 2016-12-20 16:41:30 [AdhocNode.java:241] 【88】sending RREP to 【3】... 
[DEBUG] 2016-12-20 16:41:30 [AdhocNode.java:244] 【88】sending RREP to 【3】 successfully! 
[DEBUG] 2016-12-20 16:41:30 [AdhocNode.java:367] 【88】 received datagram from 【3】,content ：【ddsdds】 
