[DEBUG] 2016-11-03 17:06:49 [Serial.java:132] /dev/ttyUSB0串口开启成功. 
[DEBUG] 2016-11-03 17:06:49 [Serial.java:146] 初始化端口IO流成功！ 
[DEBUG] 2016-11-03 17:06:49 [Serial.java:154] 节点初始化参数设置（波特率，数据位，停止位，校验位）... 
[DEBUG] 2016-11-03 17:06:49 [Serial.java:159] 节点初始化参数设置完毕。 
[DEBUG] 2016-11-03 17:06:49 [AdhocNode.java:101] 节点0监听串口状态... 
[DEBUG] 2016-11-03 17:06:49 [SerialReadThread.java:30] 初始化对象输入流成功！！ 
[DEBUG] 2016-11-03 17:06:49 [SerialReadThread.java:31] 为串口注册事件监听... 
[DEBUG] 2016-11-03 17:06:49 [SerialReadThread.java:43] 接收线程初始化完毕！ 
[DEBUG] 2016-11-03 17:06:49 [AdhocNode.java:103] 节点0接收线程开启，等待数据到来... 
[DEBUG] 2016-11-03 17:06:49 [AdhocNode.java:104] 节点初始化完成！ 
[DEBUG] 2016-11-03 17:07:04 [AdhocNodeFactory.java:30] 载入端口映射文件... 
[DEBUG] 2016-11-03 17:07:05 [Serial.java:132] /dev/ttyUSB0串口开启成功. 
[DEBUG] 2016-11-03 17:07:05 [Serial.java:146] 初始化端口IO流成功！ 
[DEBUG] 2016-11-03 17:07:05 [Serial.java:154] 节点初始化参数设置（波特率，数据位，停止位，校验位）... 
[DEBUG] 2016-11-03 17:07:05 [Serial.java:159] 节点初始化参数设置完毕。 
[DEBUG] 2016-11-03 17:07:05 [AdhocNode.java:101] 节点0监听串口状态... 
[DEBUG] 2016-11-03 17:07:05 [SerialReadThread.java:30] 初始化对象输入流成功！！ 
[DEBUG] 2016-11-03 17:07:05 [SerialReadThread.java:31] 为串口注册事件监听... 
[DEBUG] 2016-11-03 17:07:05 [SerialReadThread.java:43] 接收线程初始化完毕！ 
[DEBUG] 2016-11-03 17:07:05 [AdhocNode.java:103] 节点0接收线程开启，等待数据到来... 
[DEBUG] 2016-11-03 17:07:05 [AdhocNode.java:104] 节点初始化完成！ 
[DEBUG] 2016-11-03 17:08:37 [AdhocNodeFactory.java:30] 载入端口映射文件... 
[DEBUG] 2016-11-03 17:08:38 [Serial.java:132] /dev/ttyUSB1串口开启成功. 
[DEBUG] 2016-11-03 17:08:38 [Serial.java:146] 初始化端口IO流成功！ 
[DEBUG] 2016-11-03 17:08:38 [Serial.java:154] 节点初始化参数设置（波特率，数据位，停止位，校验位）... 
[DEBUG] 2016-11-03 17:08:38 [Serial.java:159] 节点初始化参数设置完毕。 
[DEBUG] 2016-11-03 17:08:38 [AdhocNode.java:101] 节点0监听串口状态... 
[DEBUG] 2016-11-03 17:08:38 [SerialReadThread.java:30] 初始化对象输入流成功！！ 
[DEBUG] 2016-11-03 17:08:38 [SerialReadThread.java:31] 为串口注册事件监听... 
[DEBUG] 2016-11-03 17:08:38 [SerialReadThread.java:43] 接收线程初始化完毕！ 
[DEBUG] 2016-11-03 17:08:38 [AdhocNode.java:103] 节点0接收线程开启，等待数据到来... 
[DEBUG] 2016-11-03 17:08:38 [AdhocNode.java:104] 节点初始化完成！ 
[DEBUG] 2016-11-03 17:08:43 [AdhocNode.java:296] 本节点1还没有到节点2的路[DEBUG] 2016-11-03 17:08:43 [Serial.java:132] /dev/ttyUSB0串口开启成功. 
[DEBUG] 2016-11-03 17:08:43 [Serial.java:146] 初始化端口IO流成功！ 
[DEBUG] 2016-11-03 17:08:43 [Serial.java:154] 节点初始化参数设置（波特率，数据位，停止位，校验位）... 
[DEBUG] 2016-11-03 17:08:43 [Serial.java:159][DEBUG] 2016-11-03 17:08:44 [AdhocNode.java:301] 节点1等待节点2的路由回复：2 
[DEBUG] 2016-11-03 17:08:45 [AdhocNode.java:301] 节点1等待节点2的路由回复：3 
[DEBUG] 2016-11-03 17:08:46 [AdhocNode.java:301] 节点1等待节点2的路由回复：4 
[DEBUG] 2016-11-03 17:08:47 [AdhocNode.java:301] 节点1等待节点2的路由回复：5 
[ WARN] 2016-11-03 17:08:48 [AdhocNode.java:306] 节点1寻找节点2路由失败！ 
线程开启，等待数据到来... 
[DEBUG] 2016-11-03 17:08:43 [AdhocNode.java:104] 节点初始化完成！ 
[DEBUG] 2016-11-03 17:09:18 [SerialReadThread.java:95] 收到数据:[-2] 
[DEBUG] 2016-11-03 17:09:18 [SerialReadThread.java:95] 收到数据:[-5, 16, 1, 0, 2, 0, 2, 0, 1, 0, 2, 18, 122, -2, -6] 
[DEBUG] 2016-11-03 17:09:18 [AdhocNode.java:146] 节点2收到节点1对节点2发起的路由请求，正在处理中... 
[DEBUG] 2016-11-03 17:09:18 [AdhocNode.java:162] 本节点收到节点1的路由请求，该节点系统信息如下:处理器个数:2, 内存大小:31250 
[DEBUG] 2016-11-03 17:09:18 [AdhocNode.java:205] 节点2回复节点1的路由请求... 
[DEBUG] 2016-11-03 17:09:18 [AdhocNode.java:208] 节点2对1路由回复成功! 
[DEBUG] 2016-11-03 17:09:19 [SerialReadThread.java:95] 收到数据:[-2] 
[DEBUG] 2016-11-03 17:09:19 [SerialReadThread.java:95] 收到数据:[-5, 48, 1, 0, 2, 0, 2, 0, 5, 104, 101, 108, 108, 111, -2, -6] 
[DEBUG] 2016-11-03 17:09:19 [AdhocNode.java:341] 节点2收到来自1的数据，内容为： 
[DEBUG] 2016-11-03 17:13:43 [SerialReadThread.java:95] 收到数据:[-2] 
[DEBUG] 2016-11-03 17:13:43 [SerialReadThread.java:95] 收到数据:[-5, 16, 1, 0, 2, 0, 2, 0, 1, 0, 2, 90, 121, -2, -6] 
[DEBUG] 2016-11-03 17:13:43 [AdhocNode.java:146] 节点2收到节点1对节点2发起的路由请求，正在处理中... 
[ WARN] 2016-11-03 17:13:43 [AdhocNode.java:152] 旧路由序列号1，抛弃... 
节点1等待节点2的路由回复：1 
[DEBUG] 2016-11-03 17:09:18 [SerialReadThread.java:95] 收到数据:[-2, -5] 
[DEBUG] 2016-11-03 17:09:18 [SerialReadThread.java:95] 收到数据:[32] 
[DEBUG] 2016-11-03 17:09:18 [SerialReadThread.java:95] 收到数据:[2] 
[DEBUG] 2016-11-03 17:09:18 [SerialReadThread.java:95] 收到数据:[0] 
[DEBUG] 2016-11-03 17:09:18 [SerialReadThread.java:95] 收到数据:[2, 0, 1, 0, 1, 0, 2, -115, -92, -2, -6] 
[DEBUG] 2016-11-03 17:09:18 [AdhocNode.java:225] 节点1收到节点2对节点1发起的路由回复，正在处理中... 
[DEBUG] 2016-11-03 17:09:18 [AdhocNode.java:239] 节点1发起的对节点2的路由请求成功，
收到该节点的路由回复，该节点系统信息如下:处理器个数:2, 内存大小:42125 
[DEBUG] 2016-11-03 17:09:19 [AdhocNode.java:311] 节点1寻找节点2路由成功 ！ 
[DEBUG] 2016-11-03 17:09:19 [AdhocNode.java:327] 节点1向2数据发送成功! 
[DEBUG] 2016-11-03 17:13:37 [AdhocNodeFactory.java:30] 载入端口映射文件... 
[DEBUG] 2016-11-03 17:13:38 [Serial.java:132] /dev/ttyUSB1串口开启成功. 
[DEBUG] 2016-11-03 17:13:38 [Serial.java:146] 初始化端口IO流成功！ 
[DEBUG] 2016-11-03 17:13:38 [Serial.java:154] 节点初始化参数设置（波特率，数据位，停止位，校验位）... 
[DEBUG] 2016-11-03 17:13:38 [Serial.java:159] 节点初始化参数设置完毕。 
[DEBUG] 2016-11-03 17:13:38 [AdhocNode.java:101] 本节点监听串口状态... 
[DEBUG] 2016-11-03 17:13:38 [SerialReadThread.java:30] 初始化对象输入流成功！！ 
[DEBUG] 2016-11-03 17:13:38 [SerialReadThread.java:31] 为串口注册事件监听... 
[DEBUG] 2016-11-03 17:13:38 [SerialReadThread.java:43] 接收线程初始化完毕！ 
[DEBUG] 2016-11-03 17:13:38 [AdhocNode.java:103] 本节点接收线程开启，等待数据到来... 
[DEBUG] 2016-11-03 17:13:38 [AdhocNode.java:104] 本节点初始化完成！ 
[DEBUG] 2016-11-03 17:13:43 [AdhocNode.java:313] 本节点1还没有到节点2的路由，开始路由请求... 
[ INFO] 2016-11-03 17:13:43 [AdhocNode.java:134] 节点1对节点2发起路由请求... 
[DEBUG] 2016-11-03 17:13:43 [AdhocNode.java:147] 节点1对节点2发起路由请求成功，正在等待路由回复... 
[DEBUG] 2016-11-03 17:13:43 [AdhocNode.java:318] 节点1等待节点2的路由回复：1 
[DEBUG] 2016-11-03 17:13:44 [AdhocNode.java:318] 节点1等待节点2的路由回复：2 
[DEBUG] 2016-11-03 17:13:45 [AdhocNode.java:318] 节点1等待节点2的路由回复：3 
[DEBUG] 2016-11-03 17:13:46 [AdhocNode.java:318] 节点1等待节点2的路由回复：4 
[DEBUG] 2016-11-03 17:13:47 [AdhocNode.java:318] 节点1等待节点2的路由回复：5 
[ WARN] 2016-11-03 17:13:48 [AdhocNode.java:323] 节点1寻找节点2路由失败！ 
[DEBUG] 2016-11-03 17:14:28 [AdhocNodeFactory.java:30] 载入端口映射文件... 
[DEBUG] 2016-11-03 17:14:29 [Serial.java:132] /dev/ttyUSB0串口开启成功. 
[DEBUG] 2016-11-03 17:14:29 [Serial.java:146] 初始化端口IO流成功！ 
[DEBUG] 2016-11-03 17:14:29 [Serial.java:154] 节点初始化参数设置（波特率，数据位，停止位，校验位）... 
[DEBUG] 2016-11-03 17:14:29 [Serial.java:159] 节点初始化参数设置完毕。 
[DEBUG] 2016-11-03 17:14:29 [AdhocNode.java:101] 本节点监听串口状态... 
[DEBUG] 2016-11-03 17:14:29 [SerialReadThread.java:30] 初始化对象输入流成功！！ 
[DEBUG] 2016-11-03 17:14:29 [SerialReadThread.java:31] 为串口注册事件监听... 
[DEBUG] 2016-11-03 17:14:29 [SerialReadThread.java:43] 接收线程初始化完毕！ 
[DEBUG] 2016-11-03 17:14:29 [AdhocNode.java:103] 本节点接收线程开启，等待数据到来... 
[DEBUG] 2016-11-03 17:14:29 [AdhocNode.java:104] 本节点初始化完成！ 
[DEBUG] 2016-11-03 17:14:42 [SerialReadThread.java:95] 收到数据:[-2] 
[DEBUG] 2016-11-03 17:14:42 [SerialReadThread.java:95] 收到数据:[-5, 16, 1, 0, 2, 0, 2, 0, 1, 0, 2, -38, 121, -2, -6] 
[DEBUG] 2016-11-03 17:14:42 [AdhocNode.java:163] 节点2收到节点1对节点2发起的路由请求，正在处理中... 
[DEBUG] 2016-11-03 17:14:42 [AdhocNode.java:179] 本节点收到节点1的路由请求，该节点系统信息如下:处理器个数:2, 内存大小:31194 
[DEBUG] 2016-11-03 17:14:42 [AdhocNode.java:222] 节点2回复节点1的路由请求... 
[DEBUG] 2016-11-03 17:14:42 [AdhocNode.java:225] 节点2对1路由回复成功! 
[DEBUG] 2016-11-03 17:14:43 [SerialReadThread.java:95] 收到数据:[-2] 
[DEBUG] 2016-11-03 17:14:43 [SerialReadThread.java:95] 收到数据:[-5, 48, 1, 0, 2, 0, 2, 0, 5, 104, 101, 108, 108, 111, -2, -6] 
[DEBUG] 2016-11-03 17:14:43 [AdhocNode.java:358] 节点2收到来自1的数据，内容为：hello 
本节点初始化完成！ 
[DEBUG] 2016-11-03 17:14:42 [AdhocNode.java:313] 本节点1还没有到节点2的路由，开始路由请求... 
[ INFO] 2016-11-03 17:14:42 [AdhocNode.java:134] 节点1对节点2发起路由请求... 
[DEBUG] 2016-11-03 17:14:42 [AdhocNode.java:147] 节点1对节点2发起路由请求成功，正在等待路由回复... 
[DEBUG] 2016-11-03 17:14:42 [AdhocNode.java:318] 节点1等待节点2的路由回复：1 
[DEBUG] 2016-11-03 17:14:42 [SerialReadThread.java:95] 收到数据:[-2, -5, 32] 
[DEBUG] 2016-11-03 17:14:42 [SerialReadThread.java:95] 收到数据:[2, 0, 2] 
[DEBUG] 2016-11-03 17:14:42 [SerialReadThread.java:95] 收到数据:[0] 
[DEBUG] 2016-11-03 17:14:42 [SerialReadThread.java:95] 收到数据:[1, 0, 1] 
[DEBUG] 2016-11-03 17:14:43 [SerialReadThread.java:95] 收到数据:[0, 2, -97, 121, -2, -6] 
[DEBUG] 2016-11-03 17:14:43 [AdhocNode.java:242] 节点1收到节点2对节点1发起的路由回复，正在处理中... 
[DEBUG] 2016-11-03 17:14:43 [AdhocNode.java:256] 节点1发起的对节点2的路由请求成功，
收到该节点的路由回复，该节点系统信息如下:处理器个数:2, 内存大小:31135 
[DEBUG] 2016-11-03 17:14:43 [AdhocNode.java:328] 节点1寻找节点2路由成功 ！ 
[DEBUG] 2016-11-03 17:14:43 [AdhocNode.java:344] 节点1向2数据发送成功! 
